<?xml version="1.0" encoding="UTF-8"?>
<testsuite name="com.radixile.panvel.config.timezone.HibernateTimeZoneTest" tests="7" skipped="0" failures="0" errors="0" timestamp="2019-09-28T21:59:52" hostname="dell-PC" time="0.798">
  <properties/>
  <testcase name="storeOffsetTimeWithUtcConfigShouldBeStoredOnGMTTimeZoneAccordingToHis1stJan1970Value" classname="com.radixile.panvel.config.timezone.HibernateTimeZoneTest" time="0.687"/>
  <testcase name="storeLocalDateWithUtcConfigShouldBeStoredWithoutTransformation" classname="com.radixile.panvel.config.timezone.HibernateTimeZoneTest" time="0.012"/>
  <testcase name="storeOffsetDateTimeWithUtcConfigShouldBeStoredOnGMTTimeZone" classname="com.radixile.panvel.config.timezone.HibernateTimeZoneTest" time="0.017"/>
  <testcase name="storeZoneDateTimeWithUtcConfigShouldBeStoredOnGMTTimeZone" classname="com.radixile.panvel.config.timezone.HibernateTimeZoneTest" time="0.012"/>
  <testcase name="storeInstantWithUtcConfigShouldBeStoredOnGMTTimeZone" classname="com.radixile.panvel.config.timezone.HibernateTimeZoneTest" time="0.016"/>
  <testcase name="storeLocalTimeWithUtcConfigShouldBeStoredOnGMTTimeZoneAccordingToHis1stJan1970Value" classname="com.radixile.panvel.config.timezone.HibernateTimeZoneTest" time="0.021"/>
  <testcase name="storeLocalDateTimeWithUtcConfigShouldBeStoredOnGMTTimeZone" classname="com.radixile.panvel.config.timezone.HibernateTimeZoneTest" time="0.017"/>
  <system-out><![CDATA[
        ??? ???   ??? ????????? ????????   ??????? ????????? ????????? ????????
        ??? ???   ??? ????????? ????????? ???????? ????????? ????????? ?????????
        ??? ?????????    ???    ????????? ???????     ???    ???????   ?????????
  ???   ??? ?????????    ???    ????????   ???????    ???    ???????   ????????
  ????????? ???   ??? ????????? ???       ????????    ???    ????????? ???  ????
   ???????  ???   ??? ????????? ???       ???????     ???    ????????? ???   ???

:: JHipster ?  :: Running Spring Boot 2.0.6.RELEASE ::
:: https://www.jhipster.tech ::

2019-09-28 17:59:30.030  INFO 4828 --- [    Test worker] c.r.p.c.timezone.HibernateTimeZoneTest   : Starting HibernateTimeZoneTest on dell-PC with PID 4828 (started by dell in G:\projects\complain-portal)
2019-09-28 17:59:30.070  INFO 4828 --- [    Test worker] c.r.p.c.timezone.HibernateTimeZoneTest   : No active profile set, falling back to default profiles: default
2019-09-28 17:59:36.257  INFO 4828 --- [    Test worker] c.r.panvel.config.MetricsConfiguration   : Initializing Metrics Log reporting
2019-09-28 17:59:43.168  INFO 4828 --- [    Test worker] c.r.panvel.config.LoggingConfiguration   : Initializing Logstash logging
2019-09-28 17:59:43.337  INFO 4828 --- [    Test worker] c.r.panvel.config.LoggingConfiguration   : Filtering metrics logs from all appenders except the LOGSTASH appender
2019-09-28 17:59:52.003  INFO 4828 --- [    Test worker] c.r.p.c.timezone.HibernateTimeZoneTest   : Started HibernateTimeZoneTest in 24.335 seconds (JVM running for 28.922)
]]></system-out>
  <system-err><![CDATA[]]></system-err>
</testsuite>
