<?xml version="1.0" encoding="UTF-8"?>
<testsuite name="com.radixile.panvel.web.rest.LogsResourceIntTest" tests="3" skipped="0" failures="0" errors="0" timestamp="2019-09-28T22:00:26" hostname="dell-PC" time="0.107">
  <properties/>
  <testcase name="changeLogs" classname="com.radixile.panvel.web.rest.LogsResourceIntTest" time="0.03"/>
  <testcase name="getAllLogs" classname="com.radixile.panvel.web.rest.LogsResourceIntTest" time="0.051"/>
  <testcase name="testLogstashAppender" classname="com.radixile.panvel.web.rest.LogsResourceIntTest" time="0.024"/>
  <system-out><![CDATA[]]></system-out>
  <system-err><![CDATA[]]></system-err>
</testsuite>
